<?xml version="1.0" encoding="utf-8"?><testsuites name="pytest tests"><testsuite name="pytest" errors="0" failures="0" skipped="0" tests="26" time="13.126" timestamp="2026-06-14T10:17:03.023078+00:00" hostname="agent-env-c65f247c-99ad-4b6d-ba16-089764f253ed"><testcase classname="backend.tests.backend_test.TestAuth" name="test_login_admin" time="1.118" /><testcase classname="backend.tests.backend_test.TestAuth" name="test_login_donor" time="0.320" /><testcase classname="backend.tests.backend_test.TestAuth" name="test_login_recipient_verified" time="0.322" /><testcase classname="backend.tests.backend_test.TestAuth" name="test_login_recipient_unverified" time="0.310" /><testcase classname="backend.tests.backend_test.TestAuth" name="test_login_invalid" time="0.097" /><testcase classname="backend.tests.backend_test.TestAuth" name="test_me_with_bearer" time="0.402" /><testcase classname="backend.tests.backend_test.TestAuth" name="test_me_no_token" time="0.091" /><testcase classname="backend.tests.backend_test.TestAuth" name="test_register_donor_default_verified" time="0.314" /><testcase classname="backend.tests.backend_test.TestAuth" name="test_register_recipient_default_unverified" time="0.319" /><testcase classname="backend.tests.backend_test.TestListings" name="test_discover_as_recipient" time="0.415" /><testcase classname="backend.tests.backend_test.TestListings" name="test_get_listing_pin_hidden_for_unrelated_recipient" time="0.525" /><testcase classname="backend.tests.backend_test.TestListings" name="test_get_listing_pin_visible_to_donor" time="0.495" /><testcase classname="backend.tests.backend_test.TestListings" name="test_discover_category_filter" time="0.427" /><testcase classname="backend.tests.backend_test.TestListings" name="test_discover_radius_filter" time="0.418" /><testcase classname="backend.tests.backend_test.TestHappyPath" name="test_full_flow" time="1.648" /><testcase classname="backend.tests.backend_test.TestAuthorization" name="test_unverified_recipient_cannot_request" time="0.825" /><testcase classname="backend.tests.backend_test.TestAuthorization" name="test_donor_cannot_access_admin" time="0.585" /><testcase classname="backend.tests.backend_test.TestRewards" name="test_list_vouchers" time="0.103" /><testcase classname="backend.tests.backend_test.TestRewards" name="test_redeem_cheapest_voucher_as_donor" time="0.696" /><testcase classname="backend.tests.backend_test.TestRewards" name="test_redeem_insufficient_points" time="0.511" /><testcase classname="backend.tests.backend_test.TestAdmin" name="test_admin_pending_recipients_lists_shelter" time="0.877" /><testcase classname="backend.tests.backend_test.TestAdmin" name="test_admin_verify_and_then_request_works" time="1.209" /><testcase classname="backend.tests.backend_test.TestAdmin" name="test_admin_stats" time="0.406" /><testcase classname="backend.tests.backend_test.TestImpactLeaderboard" name="test_impact_global_shape" time="0.090" /><testcase classname="backend.tests.backend_test.TestImpactLeaderboard" name="test_impact_me_donor" time="0.408" /><testcase classname="backend.tests.backend_test.TestImpactLeaderboard" name="test_leaderboard" time="0.089" /></testsuite></testsuites>